<?xml version="1.0" encoding="UTF-8"?>
<testng-results ignored="0" total="3" passed="3" failed="0" skipped="0">
  <reporter-output>
  </reporter-output>
  <suite started-at="2023-01-20T15:06:00 IST" name="Default suite" finished-at="2023-01-20T15:06:27 IST" duration-ms="27054">
    <groups>
      <group name="cucumber">
        <method signature="AbstractTestNGCucumberTests.runScenario(io.cucumber.testng.PickleWrapper,io.cucumber.testng.FeatureWrapper)[pri:0, instance:testrunner.TestRunner@117159c0]" name="runScenario" class="io.cucumber.testng.AbstractTestNGCucumberTests"/>
      </group> <!-- cucumber -->
    </groups>
    <test started-at="2023-01-20T15:06:00 IST" name="Default test" finished-at="2023-01-20T15:06:27 IST" duration-ms="27054">
      <class name="testrunner.TestRunner">
        <test-method is-config="true" signature="setUpClass(org.testng.ITestContext)[pri:0, instance:testrunner.TestRunner@117159c0]" started-at="2023-01-20T15:06:00 IST" name="setUpClass" finished-at="2023-01-20T15:06:03 IST" duration-ms="2174" status="PASS">
          <params>
            <param index="0">
              <value>
                <![CDATA[org.testng.TestRunner@4bbf38b8]]>
              </value>
            </param>
          </params>
          <reporter-output>
          </reporter-output>
        </test-method> <!-- setUpClass -->
        <test-method signature="runScenario(io.cucumber.testng.PickleWrapper,io.cucumber.testng.FeatureWrapper)[pri:0, instance:testrunner.TestRunner@117159c0]" started-at="2023-01-20T15:06:03 IST" name="runScenario" description="Runs Cucumber Scenarios" data-provider="scenarios" finished-at="2023-01-20T15:06:14 IST" duration-ms="11808" status="PASS">
          <params>
            <param index="0">
              <value>
                <![CDATA["Validate the url of Swiggy Page"]]>
              </value>
            </param>
            <param index="1">
              <value>
                <![CDATA["Location Functionality"]]>
              </value>
            </param>
          </params>
          <reporter-output>
          </reporter-output>
        </test-method> <!-- runScenario -->
        <test-method signature="runScenario(io.cucumber.testng.PickleWrapper,io.cucumber.testng.FeatureWrapper)[pri:0, instance:testrunner.TestRunner@117159c0]" started-at="2023-01-20T15:06:15 IST" name="runScenario" description="Runs Cucumber Scenarios" data-provider="scenarios" finished-at="2023-01-20T15:06:20 IST" duration-ms="5286" status="PASS">
          <params>
            <param index="0">
              <value>
                <![CDATA["Check if the Delivery Location field is giving suggestions for valid city names"]]>
              </value>
            </param>
            <param index="1">
              <value>
                <![CDATA["Location Functionality"]]>
              </value>
            </param>
          </params>
          <reporter-output>
          </reporter-output>
        </test-method> <!-- runScenario -->
        <test-method signature="runScenario(io.cucumber.testng.PickleWrapper,io.cucumber.testng.FeatureWrapper)[pri:0, instance:testrunner.TestRunner@117159c0]" started-at="2023-01-20T15:06:20 IST" name="runScenario" description="Runs Cucumber Scenarios" data-provider="scenarios" finished-at="2023-01-20T15:06:25 IST" duration-ms="5529" status="PASS">
          <params>
            <param index="0">
              <value>
                <![CDATA["Check if the Delivery Location field is giving suggestions for valid city names"]]>
              </value>
            </param>
            <param index="1">
              <value>
                <![CDATA["Location Functionality"]]>
              </value>
            </param>
          </params>
          <reporter-output>
          </reporter-output>
        </test-method> <!-- runScenario -->
        <test-method is-config="true" signature="tearDownClass()[pri:0, instance:testrunner.TestRunner@117159c0]" started-at="2023-01-20T15:06:25 IST" name="tearDownClass" finished-at="2023-01-20T15:06:27 IST" duration-ms="2109" status="PASS">
          <reporter-output>
          </reporter-output>
        </test-method> <!-- tearDownClass -->
      </class> <!-- testrunner.TestRunner -->
    </test> <!-- Default test -->
  </suite> <!-- Default suite -->
</testng-results>
