<?xml version="1.0" encoding="UTF-8"?>
<testng-results ignored="0" total="1" passed="1" failed="0" skipped="0">
  <reporter-output>
  </reporter-output>
  <suite started-at="2023-01-17T17:14:29 IST" name="Surefire suite" finished-at="2023-01-17T17:14:29 IST" duration-ms="125">
    <groups>
    </groups>
    <test started-at="2023-01-17T17:14:29 IST" name="Surefire test" finished-at="2023-01-17T17:14:29 IST" duration-ms="125">
      <class name="CucumberPractice.CucumberPractice.AppTest">
        <test-method signature="shouldAnswerWithTrue()" started-at="2023-01-17T17:14:29 IST" name="shouldAnswerWithTrue" finished-at="2023-01-17T17:14:29 IST" duration-ms="18" status="PASS">
          <reporter-output>
          </reporter-output>
        </test-method> <!-- shouldAnswerWithTrue -->
      </class> <!-- CucumberPractice.CucumberPractice.AppTest -->
    </test> <!-- Surefire test -->
  </suite> <!-- Surefire suite -->
</testng-results>
